<?xml version="1.0" encoding="UTF-8"?>
<testsuite xmlns:xsi="http://www.w3.org/2001/XMLSchema-instance" xsi:noNamespaceSchemaLocation="https://maven.apache.org/surefire/maven-surefire-plugin/xsd/surefire-test-report.xsd" name="com.example.gccoffee.model.EmailTest" time="0" tests="1" errors="0" skipped="0" failures="0">
  <properties>
    <property name="java.specification.version" value="18"/>
    <property name="sun.jnu.encoding" value="UTF-8"/>
    <property name="java.class.path" value="/Users/gunmo/GitHub/react-springboot-rest-api/gc-coffee/target/test-classes:/Users/gunmo/GitHub/react-springboot-rest-api/gc-coffee/target/classes:/Users/gunmo/.m2/repository/org/springframework/boot/spring-boot-starter-data-jpa/3.0.6-SNAPSHOT/spring-boot-starter-data-jpa-3.0.6-SNAPSHOT.jar:/Users/gunmo/.m2/repository/org/springframework/boot/spring-boot-starter-aop/3.0.6-SNAPSHOT/spring-boot-starter-aop-3.0.6-SNAPSHOT.jar:/Users/gunmo/.m2/repository/org/springframework/spring-aop/6.0.8-SNAPSHOT/spring-aop-6.0.8-SNAPSHOT.jar:/Users/gunmo/.m2/repository/org/aspectj/aspectjweaver/1.9.19/aspectjweaver-1.9.19.jar:/Users/gunmo/.m2/repository/org/hibernate/orm/hibernate-core/6.1.7.Final/hibernate-core-6.1.7.Final.jar:/Users/gunmo/.m2/repository/jakarta/persistence/jakarta.persistence-api/3.1.0/jakarta.persistence-api-3.1.0.jar:/Users/gunmo/.m2/repository/jakarta/transaction/jakarta.transaction-api/2.0.1/jakarta.transaction-api-2.0.1.jar:/Users/gunmo/.m2/repository/org/jboss/logging/jboss-logging/3.5.0.Final/jboss-logging-3.5.0.Final.jar:/Users/gunmo/.m2/repository/org/hibernate/common/hibernate-commons-annotations/6.0.6.Final/hibernate-commons-annotations-6.0.6.Final.jar:/Users/gunmo/.m2/repository/org/jboss/jandex/2.4.2.Final/jandex-2.4.2.Final.jar:/Users/gunmo/.m2/repository/com/fasterxml/classmate/1.5.1/classmate-1.5.1.jar:/Users/gunmo/.m2/repository/net/bytebuddy/byte-buddy/1.12.23/byte-buddy-1.12.23.jar:/Users/gunmo/.m2/repository/org/glassfish/jaxb/jaxb-runtime/4.0.2/jaxb-runtime-4.0.2.jar:/Users/gunmo/.m2/repository/org/glassfish/jaxb/jaxb-core/4.0.2/jaxb-core-4.0.2.jar:/Users/gunmo/.m2/repository/org/eclipse/angus/angus-activation/2.0.0/angus-activation-2.0.0.jar:/Users/gunmo/.m2/repository/org/glassfish/jaxb/txw2/4.0.2/txw2-4.0.2.jar:/Users/gunmo/.m2/repository/com/sun/istack/istack-commons-runtime/4.1.1/istack-commons-runtime-4.1.1.jar:/Users/gunmo/.m2/repository/jakarta/inject/jakarta.inject-api/2.0.0/jakarta.inject-api-2.0.0.jar:/Users/gunmo/.m2/repository/org/antlr/antlr4-runtime/4.10.1/antlr4-runtime-4.10.1.jar:/Users/gunmo/.m2/repository/org/springframework/data/spring-data-jpa/3.0.5-SNAPSHOT/spring-data-jpa-3.0.5-SNAPSHOT.jar:/Users/gunmo/.m2/repository/org/springframework/data/spring-data-commons/3.0.5-SNAPSHOT/spring-data-commons-3.0.5-SNAPSHOT.jar:/Users/gunmo/.m2/repository/org/springframework/spring-orm/6.0.8-SNAPSHOT/spring-orm-6.0.8-SNAPSHOT.jar:/Users/gunmo/.m2/repository/org/springframework/spring-context/6.0.8-SNAPSHOT/spring-context-6.0.8-SNAPSHOT.jar:/Users/gunmo/.m2/repository/org/springframework/spring-tx/6.0.8-SNAPSHOT/spring-tx-6.0.8-SNAPSHOT.jar:/Users/gunmo/.m2/repository/org/springframework/spring-beans/6.0.8-SNAPSHOT/spring-beans-6.0.8-SNAPSHOT.jar:/Users/gunmo/.m2/repository/jakarta/annotation/jakarta.annotation-api/2.1.1/jakarta.annotation-api-2.1.1.jar:/Users/gunmo/.m2/repository/org/slf4j/slf4j-api/2.0.7/slf4j-api-2.0.7.jar:/Users/gunmo/.m2/repository/org/springframework/spring-aspects/6.0.8-SNAPSHOT/spring-aspects-6.0.8-SNAPSHOT.jar:/Users/gunmo/.m2/repository/org/springframework/boot/spring-boot-starter-jdbc/3.0.6-SNAPSHOT/spring-boot-starter-jdbc-3.0.6-SNAPSHOT.jar:/Users/gunmo/.m2/repository/org/springframework/boot/spring-boot-starter/3.0.6-SNAPSHOT/spring-boot-starter-3.0.6-SNAPSHOT.jar:/Users/gunmo/.m2/repository/org/springframework/boot/spring-boot/3.0.6-SNAPSHOT/spring-boot-3.0.6-SNAPSHOT.jar:/Users/gunmo/.m2/repository/org/springframework/boot/spring-boot-autoconfigure/3.0.6-SNAPSHOT/spring-boot-autoconfigure-3.0.6-SNAPSHOT.jar:/Users/gunmo/.m2/repository/org/springframework/boot/spring-boot-starter-logging/3.0.6-SNAPSHOT/spring-boot-starter-logging-3.0.6-SNAPSHOT.jar:/Users/gunmo/.m2/repository/ch/qos/logback/logback-classic/1.4.6/logback-classic-1.4.6.jar:/Users/gunmo/.m2/repository/ch/qos/logback/logback-core/1.4.6/logback-core-1.4.6.jar:/Users/gunmo/.m2/repository/org/apache/logging/log4j/log4j-to-slf4j/2.19.0/log4j-to-slf4j-2.19.0.jar:/Users/gunmo/.m2/repository/org/apache/logging/log4j/log4j-api/2.19.0/log4j-api-2.19.0.jar:/Users/gunmo/.m2/repository/org/slf4j/jul-to-slf4j/2.0.7/jul-to-slf4j-2.0.7.jar:/Users/gunmo/.m2/repository/org/yaml/snakeyaml/1.33/snakeyaml-1.33.jar:/Users/gunmo/.m2/repository/com/zaxxer/HikariCP/5.0.1/HikariCP-5.0.1.jar:/Users/gunmo/.m2/repository/org/springframework/spring-jdbc/6.0.8-SNAPSHOT/spring-jdbc-6.0.8-SNAPSHOT.jar:/Users/gunmo/.m2/repository/org/springframework/boot/spring-boot-starter-thymeleaf/3.0.6-SNAPSHOT/spring-boot-starter-thymeleaf-3.0.6-SNAPSHOT.jar:/Users/gunmo/.m2/repository/org/thymeleaf/thymeleaf-spring6/3.1.1.RELEASE/thymeleaf-spring6-3.1.1.RELEASE.jar:/Users/gunmo/.m2/repository/org/thymeleaf/thymeleaf/3.1.1.RELEASE/thymeleaf-3.1.1.RELEASE.jar:/Users/gunmo/.m2/repository/org/attoparser/attoparser/2.0.6.RELEASE/attoparser-2.0.6.RELEASE.jar:/Users/gunmo/.m2/repository/org/unbescape/unbescape/1.1.6.RELEASE/unbescape-1.1.6.RELEASE.jar:/Users/gunmo/.m2/repository/org/springframework/boot/spring-boot-starter-web/3.0.6-SNAPSHOT/spring-boot-starter-web-3.0.6-SNAPSHOT.jar:/Users/gunmo/.m2/repository/org/springframework/boot/spring-boot-starter-json/3.0.6-SNAPSHOT/spring-boot-starter-json-3.0.6-SNAPSHOT.jar:/Users/gunmo/.m2/repository/com/fasterxml/jackson/core/jackson-databind/2.14.2/jackson-databind-2.14.2.jar:/Users/gunmo/.m2/repository/com/fasterxml/jackson/core/jackson-annotations/2.14.2/jackson-annotations-2.14.2.jar:/Users/gunmo/.m2/repository/com/fasterxml/jackson/core/jackson-core/2.14.2/jackson-core-2.14.2.jar:/Users/gunmo/.m2/repository/com/fasterxml/jackson/datatype/jackson-datatype-jdk8/2.14.2/jackson-datatype-jdk8-2.14.2.jar:/Users/gunmo/.m2/repository/com/fasterxml/jackson/datatype/jackson-datatype-jsr310/2.14.2/jackson-datatype-jsr310-2.14.2.jar:/Users/gunmo/.m2/repository/com/fasterxml/jackson/module/jackson-module-parameter-names/2.14.2/jackson-module-parameter-names-2.14.2.jar:/Users/gunmo/.m2/repository/org/springframework/boot/spring-boot-starter-tomcat/3.0.6-SNAPSHOT/spring-boot-starter-tomcat-3.0.6-SNAPSHOT.jar:/Users/gunmo/.m2/repository/org/apache/tomcat/embed/tomcat-embed-core/10.1.7/tomcat-embed-core-10.1.7.jar:/Users/gunmo/.m2/repository/org/apache/tomcat/embed/tomcat-embed-el/10.1.7/tomcat-embed-el-10.1.7.jar:/Users/gunmo/.m2/repository/org/apache/tomcat/embed/tomcat-embed-websocket/10.1.7/tomcat-embed-websocket-10.1.7.jar:/Users/gunmo/.m2/repository/org/springframework/spring-web/6.0.8-SNAPSHOT/spring-web-6.0.8-SNAPSHOT.jar:/Users/gunmo/.m2/repository/io/micrometer/micrometer-observation/1.10.6-SNAPSHOT/micrometer-observation-1.10.6-SNAPSHOT.jar:/Users/gunmo/.m2/repository/io/micrometer/micrometer-commons/1.10.6-SNAPSHOT/micrometer-commons-1.10.6-SNAPSHOT.jar:/Users/gunmo/.m2/repository/org/springframework/spring-webmvc/6.0.8-SNAPSHOT/spring-webmvc-6.0.8-SNAPSHOT.jar:/Users/gunmo/.m2/repository/org/springframework/spring-expression/6.0.8-SNAPSHOT/spring-expression-6.0.8-SNAPSHOT.jar:/Users/gunmo/.m2/repository/com/h2database/h2/2.1.214/h2-2.1.214.jar:/Users/gunmo/.m2/repository/com/wix/wix-embedded-mysql/4.6.1/wix-embedded-mysql-4.6.1.jar:/Users/gunmo/.m2/repository/de/flapdoodle/embed/de.flapdoodle.embed.process/2.0.3/de.flapdoodle.embed.process-2.0.3.jar:/Users/gunmo/.m2/repository/org/apache/commons/commons-lang3/3.12.0/commons-lang3-3.12.0.jar:/Users/gunmo/.m2/repository/net/java/dev/jna/jna/4.0.0/jna-4.0.0.jar:/Users/gunmo/.m2/repository/net/java/dev/jna/jna-platform/4.0.0/jna-platform-4.0.0.jar:/Users/gunmo/.m2/repository/commons-io/commons-io/2.6/commons-io-2.6.jar:/Users/gunmo/.m2/repository/org/apache/commons/commons-compress/1.19/commons-compress-1.19.jar:/Users/gunmo/.m2/repository/org/tukaani/xz/1.8/xz-1.8.jar:/Users/gunmo/.m2/repository/com/mysql/mysql-connector-j/8.0.32/mysql-connector-j-8.0.32.jar:/Users/gunmo/.m2/repository/org/springframework/boot/spring-boot-starter-test/3.0.6-SNAPSHOT/spring-boot-starter-test-3.0.6-SNAPSHOT.jar:/Users/gunmo/.m2/repository/org/springframework/boot/spring-boot-test/3.0.6-SNAPSHOT/spring-boot-test-3.0.6-SNAPSHOT.jar:/Users/gunmo/.m2/repository/org/springframework/boot/spring-boot-test-autoconfigure/3.0.6-SNAPSHOT/spring-boot-test-autoconfigure-3.0.6-SNAPSHOT.jar:/Users/gunmo/.m2/repository/com/jayway/jsonpath/json-path/2.7.0/json-path-2.7.0.jar:/Users/gunmo/.m2/repository/net/minidev/json-smart/2.4.10/json-smart-2.4.10.jar:/Users/gunmo/.m2/repository/net/minidev/accessors-smart/2.4.9/accessors-smart-2.4.9.jar:/Users/gunmo/.m2/repository/org/ow2/asm/asm/9.3/asm-9.3.jar:/Users/gunmo/.m2/repository/jakarta/xml/bind/jakarta.xml.bind-api/4.0.0/jakarta.xml.bind-api-4.0.0.jar:/Users/gunmo/.m2/repository/jakarta/activation/jakarta.activation-api/2.1.1/jakarta.activation-api-2.1.1.jar:/Users/gunmo/.m2/repository/org/assertj/assertj-core/3.23.1/assertj-core-3.23.1.jar:/Users/gunmo/.m2/repository/org/hamcrest/hamcrest/2.2/hamcrest-2.2.jar:/Users/gunmo/.m2/repository/org/junit/jupiter/junit-jupiter/5.9.2/junit-jupiter-5.9.2.jar:/Users/gunmo/.m2/repository/org/junit/jupiter/junit-jupiter-api/5.9.2/junit-jupiter-api-5.9.2.jar:/Users/gunmo/.m2/repository/org/opentest4j/opentest4j/1.2.0/opentest4j-1.2.0.jar:/Users/gunmo/.m2/repository/org/junit/platform/junit-platform-commons/1.9.2/junit-platform-commons-1.9.2.jar:/Users/gunmo/.m2/repository/org/apiguardian/apiguardian-api/1.1.2/apiguardian-api-1.1.2.jar:/Users/gunmo/.m2/repository/org/junit/jupiter/junit-jupiter-params/5.9.2/junit-jupiter-params-5.9.2.jar:/Users/gunmo/.m2/repository/org/junit/jupiter/junit-jupiter-engine/5.9.2/junit-jupiter-engine-5.9.2.jar:/Users/gunmo/.m2/repository/org/junit/platform/junit-platform-engine/1.9.2/junit-platform-engine-1.9.2.jar:/Users/gunmo/.m2/repository/org/mockito/mockito-core/4.8.1/mockito-core-4.8.1.jar:/Users/gunmo/.m2/repository/net/bytebuddy/byte-buddy-agent/1.12.23/byte-buddy-agent-1.12.23.jar:/Users/gunmo/.m2/repository/org/objenesis/objenesis/3.2/objenesis-3.2.jar:/Users/gunmo/.m2/repository/org/mockito/mockito-junit-jupiter/4.8.1/mockito-junit-jupiter-4.8.1.jar:/Users/gunmo/.m2/repository/org/skyscreamer/jsonassert/1.5.1/jsonassert-1.5.1.jar:/Users/gunmo/.m2/repository/com/vaadin/external/google/android-json/0.0.20131108.vaadin1/android-json-0.0.20131108.vaadin1.jar:/Users/gunmo/.m2/repository/org/springframework/spring-core/6.0.8-SNAPSHOT/spring-core-6.0.8-SNAPSHOT.jar:/Users/gunmo/.m2/repository/org/springframework/spring-jcl/6.0.8-SNAPSHOT/spring-jcl-6.0.8-SNAPSHOT.jar:/Users/gunmo/.m2/repository/org/springframework/spring-test/6.0.8-SNAPSHOT/spring-test-6.0.8-SNAPSHOT.jar:/Users/gunmo/.m2/repository/org/xmlunit/xmlunit-core/2.9.1/xmlunit-core-2.9.1.jar:"/>
    <property name="java.vm.vendor" value="Oracle Corporation"/>
    <property name="sun.arch.data.model" value="64"/>
    <property name="java.vendor.url" value="https://java.oracle.com/"/>
    <property name="os.name" value="Mac OS X"/>
    <property name="java.vm.specification.version" value="18"/>
    <property name="sun.java.launcher" value="SUN_STANDARD"/>
    <property name="user.country" value="KR"/>
    <property name="sun.boot.library.path" value="/Library/Java/JavaVirtualMachines/jdk-18.0.1.1.jdk/Contents/Home/lib"/>
    <property name="sun.java.command" value="/Users/gunmo/GitHub/react-springboot-rest-api/gc-coffee/target/surefire/surefirebooter7872160218796427264.jar /Users/gunmo/GitHub/react-springboot-rest-api/gc-coffee/target/surefire 2023-04-08T00-19-43_074-jvmRun1 surefire141693757430773842tmp surefire_04612255639589863437tmp"/>
    <property name="http.nonProxyHosts" value="local|*.local|169.254/16|*.169.254/16"/>
    <property name="jdk.debug" value="release"/>
    <property name="surefire.test.class.path" value="/Users/gunmo/GitHub/react-springboot-rest-api/gc-coffee/target/test-classes:/Users/gunmo/GitHub/react-springboot-rest-api/gc-coffee/target/classes:/Users/gunmo/.m2/repository/org/springframework/boot/spring-boot-starter-data-jpa/3.0.6-SNAPSHOT/spring-boot-starter-data-jpa-3.0.6-SNAPSHOT.jar:/Users/gunmo/.m2/repository/org/springframework/boot/spring-boot-starter-aop/3.0.6-SNAPSHOT/spring-boot-starter-aop-3.0.6-SNAPSHOT.jar:/Users/gunmo/.m2/repository/org/springframework/spring-aop/6.0.8-SNAPSHOT/spring-aop-6.0.8-SNAPSHOT.jar:/Users/gunmo/.m2/repository/org/aspectj/aspectjweaver/1.9.19/aspectjweaver-1.9.19.jar:/Users/gunmo/.m2/repository/org/hibernate/orm/hibernate-core/6.1.7.Final/hibernate-core-6.1.7.Final.jar:/Users/gunmo/.m2/repository/jakarta/persistence/jakarta.persistence-api/3.1.0/jakarta.persistence-api-3.1.0.jar:/Users/gunmo/.m2/repository/jakarta/transaction/jakarta.transaction-api/2.0.1/jakarta.transaction-api-2.0.1.jar:/Users/gunmo/.m2/repository/org/jboss/logging/jboss-logging/3.5.0.Final/jboss-logging-3.5.0.Final.jar:/Users/gunmo/.m2/repository/org/hibernate/common/hibernate-commons-annotations/6.0.6.Final/hibernate-commons-annotations-6.0.6.Final.jar:/Users/gunmo/.m2/repository/org/jboss/jandex/2.4.2.Final/jandex-2.4.2.Final.jar:/Users/gunmo/.m2/repository/com/fasterxml/classmate/1.5.1/classmate-1.5.1.jar:/Users/gunmo/.m2/repository/net/bytebuddy/byte-buddy/1.12.23/byte-buddy-1.12.23.jar:/Users/gunmo/.m2/repository/org/glassfish/jaxb/jaxb-runtime/4.0.2/jaxb-runtime-4.0.2.jar:/Users/gunmo/.m2/repository/org/glassfish/jaxb/jaxb-core/4.0.2/jaxb-core-4.0.2.jar:/Users/gunmo/.m2/repository/org/eclipse/angus/angus-activation/2.0.0/angus-activation-2.0.0.jar:/Users/gunmo/.m2/repository/org/glassfish/jaxb/txw2/4.0.2/txw2-4.0.2.jar:/Users/gunmo/.m2/repository/com/sun/istack/istack-commons-runtime/4.1.1/istack-commons-runtime-4.1.1.jar:/Users/gunmo/.m2/repository/jakarta/inject/jakarta.inject-api/2.0.0/jakarta.inject-api-2.0.0.jar:/Users/gunmo/.m2/repository/org/antlr/antlr4-runtime/4.10.1/antlr4-runtime-4.10.1.jar:/Users/gunmo/.m2/repository/org/springframework/data/spring-data-jpa/3.0.5-SNAPSHOT/spring-data-jpa-3.0.5-SNAPSHOT.jar:/Users/gunmo/.m2/repository/org/springframework/data/spring-data-commons/3.0.5-SNAPSHOT/spring-data-commons-3.0.5-SNAPSHOT.jar:/Users/gunmo/.m2/repository/org/springframework/spring-orm/6.0.8-SNAPSHOT/spring-orm-6.0.8-SNAPSHOT.jar:/Users/gunmo/.m2/repository/org/springframework/spring-context/6.0.8-SNAPSHOT/spring-context-6.0.8-SNAPSHOT.jar:/Users/gunmo/.m2/repository/org/springframework/spring-tx/6.0.8-SNAPSHOT/spring-tx-6.0.8-SNAPSHOT.jar:/Users/gunmo/.m2/repository/org/springframework/spring-beans/6.0.8-SNAPSHOT/spring-beans-6.0.8-SNAPSHOT.jar:/Users/gunmo/.m2/repository/jakarta/annotation/jakarta.annotation-api/2.1.1/jakarta.annotation-api-2.1.1.jar:/Users/gunmo/.m2/repository/org/slf4j/slf4j-api/2.0.7/slf4j-api-2.0.7.jar:/Users/gunmo/.m2/repository/org/springframework/spring-aspects/6.0.8-SNAPSHOT/spring-aspects-6.0.8-SNAPSHOT.jar:/Users/gunmo/.m2/repository/org/springframework/boot/spring-boot-starter-jdbc/3.0.6-SNAPSHOT/spring-boot-starter-jdbc-3.0.6-SNAPSHOT.jar:/Users/gunmo/.m2/repository/org/springframework/boot/spring-boot-starter/3.0.6-SNAPSHOT/spring-boot-starter-3.0.6-SNAPSHOT.jar:/Users/gunmo/.m2/repository/org/springframework/boot/spring-boot/3.0.6-SNAPSHOT/spring-boot-3.0.6-SNAPSHOT.jar:/Users/gunmo/.m2/repository/org/springframework/boot/spring-boot-autoconfigure/3.0.6-SNAPSHOT/spring-boot-autoconfigure-3.0.6-SNAPSHOT.jar:/Users/gunmo/.m2/repository/org/springframework/boot/spring-boot-starter-logging/3.0.6-SNAPSHOT/spring-boot-starter-logging-3.0.6-SNAPSHOT.jar:/Users/gunmo/.m2/repository/ch/qos/logback/logback-classic/1.4.6/logback-classic-1.4.6.jar:/Users/gunmo/.m2/repository/ch/qos/logback/logback-core/1.4.6/logback-core-1.4.6.jar:/Users/gunmo/.m2/repository/org/apache/logging/log4j/log4j-to-slf4j/2.19.0/log4j-to-slf4j-2.19.0.jar:/Users/gunmo/.m2/repository/org/apache/logging/log4j/log4j-api/2.19.0/log4j-api-2.19.0.jar:/Users/gunmo/.m2/repository/org/slf4j/jul-to-slf4j/2.0.7/jul-to-slf4j-2.0.7.jar:/Users/gunmo/.m2/repository/org/yaml/snakeyaml/1.33/snakeyaml-1.33.jar:/Users/gunmo/.m2/repository/com/zaxxer/HikariCP/5.0.1/HikariCP-5.0.1.jar:/Users/gunmo/.m2/repository/org/springframework/spring-jdbc/6.0.8-SNAPSHOT/spring-jdbc-6.0.8-SNAPSHOT.jar:/Users/gunmo/.m2/repository/org/springframework/boot/spring-boot-starter-thymeleaf/3.0.6-SNAPSHOT/spring-boot-starter-thymeleaf-3.0.6-SNAPSHOT.jar:/Users/gunmo/.m2/repository/org/thymeleaf/thymeleaf-spring6/3.1.1.RELEASE/thymeleaf-spring6-3.1.1.RELEASE.jar:/Users/gunmo/.m2/repository/org/thymeleaf/thymeleaf/3.1.1.RELEASE/thymeleaf-3.1.1.RELEASE.jar:/Users/gunmo/.m2/repository/org/attoparser/attoparser/2.0.6.RELEASE/attoparser-2.0.6.RELEASE.jar:/Users/gunmo/.m2/repository/org/unbescape/unbescape/1.1.6.RELEASE/unbescape-1.1.6.RELEASE.jar:/Users/gunmo/.m2/repository/org/springframework/boot/spring-boot-starter-web/3.0.6-SNAPSHOT/spring-boot-starter-web-3.0.6-SNAPSHOT.jar:/Users/gunmo/.m2/repository/org/springframework/boot/spring-boot-starter-json/3.0.6-SNAPSHOT/spring-boot-starter-json-3.0.6-SNAPSHOT.jar:/Users/gunmo/.m2/repository/com/fasterxml/jackson/core/jackson-databind/2.14.2/jackson-databind-2.14.2.jar:/Users/gunmo/.m2/repository/com/fasterxml/jackson/core/jackson-annotations/2.14.2/jackson-annotations-2.14.2.jar:/Users/gunmo/.m2/repository/com/fasterxml/jackson/core/jackson-core/2.14.2/jackson-core-2.14.2.jar:/Users/gunmo/.m2/repository/com/fasterxml/jackson/datatype/jackson-datatype-jdk8/2.14.2/jackson-datatype-jdk8-2.14.2.jar:/Users/gunmo/.m2/repository/com/fasterxml/jackson/datatype/jackson-datatype-jsr310/2.14.2/jackson-datatype-jsr310-2.14.2.jar:/Users/gunmo/.m2/repository/com/fasterxml/jackson/module/jackson-module-parameter-names/2.14.2/jackson-module-parameter-names-2.14.2.jar:/Users/gunmo/.m2/repository/org/springframework/boot/spring-boot-starter-tomcat/3.0.6-SNAPSHOT/spring-boot-starter-tomcat-3.0.6-SNAPSHOT.jar:/Users/gunmo/.m2/repository/org/apache/tomcat/embed/tomcat-embed-core/10.1.7/tomcat-embed-core-10.1.7.jar:/Users/gunmo/.m2/repository/org/apache/tomcat/embed/tomcat-embed-el/10.1.7/tomcat-embed-el-10.1.7.jar:/Users/gunmo/.m2/repository/org/apache/tomcat/embed/tomcat-embed-websocket/10.1.7/tomcat-embed-websocket-10.1.7.jar:/Users/gunmo/.m2/repository/org/springframework/spring-web/6.0.8-SNAPSHOT/spring-web-6.0.8-SNAPSHOT.jar:/Users/gunmo/.m2/repository/io/micrometer/micrometer-observation/1.10.6-SNAPSHOT/micrometer-observation-1.10.6-SNAPSHOT.jar:/Users/gunmo/.m2/repository/io/micrometer/micrometer-commons/1.10.6-SNAPSHOT/micrometer-commons-1.10.6-SNAPSHOT.jar:/Users/gunmo/.m2/repository/org/springframework/spring-webmvc/6.0.8-SNAPSHOT/spring-webmvc-6.0.8-SNAPSHOT.jar:/Users/gunmo/.m2/repository/org/springframework/spring-expression/6.0.8-SNAPSHOT/spring-expression-6.0.8-SNAPSHOT.jar:/Users/gunmo/.m2/repository/com/h2database/h2/2.1.214/h2-2.1.214.jar:/Users/gunmo/.m2/repository/com/wix/wix-embedded-mysql/4.6.1/wix-embedded-mysql-4.6.1.jar:/Users/gunmo/.m2/repository/de/flapdoodle/embed/de.flapdoodle.embed.process/2.0.3/de.flapdoodle.embed.process-2.0.3.jar:/Users/gunmo/.m2/repository/org/apache/commons/commons-lang3/3.12.0/commons-lang3-3.12.0.jar:/Users/gunmo/.m2/repository/net/java/dev/jna/jna/4.0.0/jna-4.0.0.jar:/Users/gunmo/.m2/repository/net/java/dev/jna/jna-platform/4.0.0/jna-platform-4.0.0.jar:/Users/gunmo/.m2/repository/commons-io/commons-io/2.6/commons-io-2.6.jar:/Users/gunmo/.m2/repository/org/apache/commons/commons-compress/1.19/commons-compress-1.19.jar:/Users/gunmo/.m2/repository/org/tukaani/xz/1.8/xz-1.8.jar:/Users/gunmo/.m2/repository/com/mysql/mysql-connector-j/8.0.32/mysql-connector-j-8.0.32.jar:/Users/gunmo/.m2/repository/org/springframework/boot/spring-boot-starter-test/3.0.6-SNAPSHOT/spring-boot-starter-test-3.0.6-SNAPSHOT.jar:/Users/gunmo/.m2/repository/org/springframework/boot/spring-boot-test/3.0.6-SNAPSHOT/spring-boot-test-3.0.6-SNAPSHOT.jar:/Users/gunmo/.m2/repository/org/springframework/boot/spring-boot-test-autoconfigure/3.0.6-SNAPSHOT/spring-boot-test-autoconfigure-3.0.6-SNAPSHOT.jar:/Users/gunmo/.m2/repository/com/jayway/jsonpath/json-path/2.7.0/json-path-2.7.0.jar:/Users/gunmo/.m2/repository/net/minidev/json-smart/2.4.10/json-smart-2.4.10.jar:/Users/gunmo/.m2/repository/net/minidev/accessors-smart/2.4.9/accessors-smart-2.4.9.jar:/Users/gunmo/.m2/repository/org/ow2/asm/asm/9.3/asm-9.3.jar:/Users/gunmo/.m2/repository/jakarta/xml/bind/jakarta.xml.bind-api/4.0.0/jakarta.xml.bind-api-4.0.0.jar:/Users/gunmo/.m2/repository/jakarta/activation/jakarta.activation-api/2.1.1/jakarta.activation-api-2.1.1.jar:/Users/gunmo/.m2/repository/org/assertj/assertj-core/3.23.1/assertj-core-3.23.1.jar:/Users/gunmo/.m2/repository/org/hamcrest/hamcrest/2.2/hamcrest-2.2.jar:/Users/gunmo/.m2/repository/org/junit/jupiter/junit-jupiter/5.9.2/junit-jupiter-5.9.2.jar:/Users/gunmo/.m2/repository/org/junit/jupiter/junit-jupiter-api/5.9.2/junit-jupiter-api-5.9.2.jar:/Users/gunmo/.m2/repository/org/opentest4j/opentest4j/1.2.0/opentest4j-1.2.0.jar:/Users/gunmo/.m2/repository/org/junit/platform/junit-platform-commons/1.9.2/junit-platform-commons-1.9.2.jar:/Users/gunmo/.m2/repository/org/apiguardian/apiguardian-api/1.1.2/apiguardian-api-1.1.2.jar:/Users/gunmo/.m2/repository/org/junit/jupiter/junit-jupiter-params/5.9.2/junit-jupiter-params-5.9.2.jar:/Users/gunmo/.m2/repository/org/junit/jupiter/junit-jupiter-engine/5.9.2/junit-jupiter-engine-5.9.2.jar:/Users/gunmo/.m2/repository/org/junit/platform/junit-platform-engine/1.9.2/junit-platform-engine-1.9.2.jar:/Users/gunmo/.m2/repository/org/mockito/mockito-core/4.8.1/mockito-core-4.8.1.jar:/Users/gunmo/.m2/repository/net/bytebuddy/byte-buddy-agent/1.12.23/byte-buddy-agent-1.12.23.jar:/Users/gunmo/.m2/repository/org/objenesis/objenesis/3.2/objenesis-3.2.jar:/Users/gunmo/.m2/repository/org/mockito/mockito-junit-jupiter/4.8.1/mockito-junit-jupiter-4.8.1.jar:/Users/gunmo/.m2/repository/org/skyscreamer/jsonassert/1.5.1/jsonassert-1.5.1.jar:/Users/gunmo/.m2/repository/com/vaadin/external/google/android-json/0.0.20131108.vaadin1/android-json-0.0.20131108.vaadin1.jar:/Users/gunmo/.m2/repository/org/springframework/spring-core/6.0.8-SNAPSHOT/spring-core-6.0.8-SNAPSHOT.jar:/Users/gunmo/.m2/repository/org/springframework/spring-jcl/6.0.8-SNAPSHOT/spring-jcl-6.0.8-SNAPSHOT.jar:/Users/gunmo/.m2/repository/org/springframework/spring-test/6.0.8-SNAPSHOT/spring-test-6.0.8-SNAPSHOT.jar:/Users/gunmo/.m2/repository/org/xmlunit/xmlunit-core/2.9.1/xmlunit-core-2.9.1.jar:"/>
    <property name="sun.cpu.endian" value="little"/>
    <property name="user.home" value="/Users/gunmo"/>
    <property name="user.language" value="ko"/>
    <property name="java.specification.vendor" value="Oracle Corporation"/>
    <property name="java.version.date" value="2022-04-22"/>
    <property name="java.home" value="/Library/Java/JavaVirtualMachines/jdk-18.0.1.1.jdk/Contents/Home"/>
    <property name="file.separator" value="/"/>
    <property name="basedir" value="/Users/gunmo/GitHub/react-springboot-rest-api/gc-coffee"/>
    <property name="java.vm.compressedOopsMode" value="Zero based"/>
    <property name="line.separator" value="&#10;"/>
    <property name="java.vm.specification.vendor" value="Oracle Corporation"/>
    <property name="java.specification.name" value="Java Platform API Specification"/>
    <property name="apple.awt.application.name" value="ForkedBooter"/>
    <property name="surefire.real.class.path" value="/Users/gunmo/GitHub/react-springboot-rest-api/gc-coffee/target/surefire/surefirebooter7872160218796427264.jar"/>
    <property name="sun.management.compiler" value="HotSpot 64-Bit Tiered Compilers"/>
    <property name="ftp.nonProxyHosts" value="local|*.local|169.254/16|*.169.254/16"/>
    <property name="java.runtime.version" value="18.0.1.1+2-6"/>
    <property name="user.name" value="gunmo"/>
    <property name="path.separator" value=":"/>
    <property name="os.version" value="13.0.1"/>
    <property name="java.runtime.name" value="Java(TM) SE Runtime Environment"/>
    <property name="file.encoding" value="UTF-8"/>
    <property name="java.vm.name" value="Java HotSpot(TM) 64-Bit Server VM"/>
    <property name="localRepository" value="/Users/gunmo/.m2/repository"/>
    <property name="java.vendor.url.bug" value="https://bugreport.java.com/bugreport/"/>
    <property name="java.io.tmpdir" value="/var/folders/lx/0bzrr_ld227bs1xbbmt5qrh40000gp/T/"/>
    <property name="idea.version" value="2022.3.1"/>
    <property name="java.version" value="18.0.1.1"/>
    <property name="user.dir" value="/Users/gunmo/GitHub/react-springboot-rest-api/gc-coffee"/>
    <property name="os.arch" value="aarch64"/>
    <property name="java.vm.specification.name" value="Java Virtual Machine Specification"/>
    <property name="native.encoding" value="UTF-8"/>
    <property name="java.library.path" value="/Users/gunmo/Library/Java/Extensions:/Library/Java/Extensions:/Network/Library/Java/Extensions:/System/Library/Java/Extensions:/usr/lib/java:."/>
    <property name="java.vm.info" value="mixed mode, sharing"/>
    <property name="java.vendor" value="Oracle Corporation"/>
    <property name="java.vm.version" value="18.0.1.1+2-6"/>
    <property name="sun.io.unicode.encoding" value="UnicodeBig"/>
    <property name="socksNonProxyHosts" value="local|*.local|169.254/16|*.169.254/16"/>
    <property name="java.class.version" value="62.0"/>
  </properties>
  <testcase name="testInvalidEmail" classname="com.example.gccoffee.model.EmailTest" time="0"/>
</testsuite>